<?xml version="1.0" encoding="UTF-8"?>
<!-- Generated by org.testng.reporters.JUnitReportReporter -->
<testsuite hostname="DESKTOP-5L6LFJN" failures="0" tests="2" name="tests.LoginTest" time="15.685" errors="0" timestamp="2025-09-08T01:44:17 IST" skipped="0">
  <testcase classname="tests.LoginTest" name="testValidLogin" time="9.808"/>
  <testcase classname="tests.LoginTest" name="testInvalidLogin" time="5.877"/>
</testsuite> <!-- tests.LoginTest -->
